<?xml version="1.0" encoding="UTF-8" ?>
<testsuite errors="0" failures="0" hostname="DESKTOP-IUC5A00" name="test.generateBestTourTest" skipped="0" tests="5" time="0.676" timestamp="2020-12-11T11:16:07">
  <properties>
[...]
</properties>
  <testcase classname="test.generateBestTourTest" name="test11" time="0.259" />
  <testcase classname="test.generateBestTourTest" name="test" time="0.118" />
  <testcase classname="test.generateBestTourTest" name="test2" time="0.121" />
  <testcase classname="test.generateBestTourTest" name="test3" time="0.073" />
  <testcase classname="test.generateBestTourTest" name="test4" time="0.048" />
  <system-out><![CDATA[Imported map with : 7 nodes
Imported 0 requests !
total distance : 0.0
Imported map with : 6 nodes
Imported 1 requests !
total distance : 89.19951040391678
Imported map with : 6 nodes
Imported 2 requests !
total distance : 431.59934720522233
Imported map with : 6 nodes
Imported 2 requests !
total distance : 801.5993472052223
Imported map with : 7 nodes
Imported 2 requests !
total distance : 323.0393356853145
]]></system-out>
  <system-err><![CDATA[]]></system-err>
</testsuite>
